2021-01-23 01:29:40,919 - root - INFO - *************************Test_001_Login******************
2021-01-23 01:29:40,919 - root - INFO - *************************Verifying Home Page title******************
2021-01-23 01:29:48,929 - root - INFO - *************************test_homePageTitle is passed******************
2021-01-23 01:29:58,679 - root - INFO - ****************Verifying testLogin*****************
2021-01-23 01:30:08,455 - root - INFO - ****************testLogin is passed*****************
2021-01-23 01:43:15,588 - root - INFO - *************************Test_001_Login******************
2021-01-23 01:43:15,589 - root - INFO - *************************Verifying Home Page title******************
2021-01-23 01:43:16,049 - root - INFO - ****************Verifying testLogin*****************
2021-01-23 01:43:19,167 - root - INFO - *************************test_homePageTitle is passed******************
2021-01-23 01:43:27,626 - root - INFO - ****************testLogin is passed*****************
2021-01-23 01:57:32,040 - root - INFO - *************************Test_001_Login******************
2021-01-23 01:57:32,040 - root - INFO - *************************Verifying Home Page title******************
2021-01-23 01:57:39,624 - root - INFO - *************************test_homePageTitle is passed******************
2021-01-23 01:57:49,314 - root - INFO - ****************Verifying testLogin*****************
2021-01-23 01:57:58,585 - root - INFO - ****************testLogin is passed*****************
2021-01-25 00:46:36,657 - root - INFO - ****************Test_002_Login_DDT*****************
2021-01-25 00:46:36,669 - root - INFO - ****************Verifying testLogin_ddt*****************
2021-01-25 00:46:45,946 - root - INFO - ***************************Test is passed for ddt******************************
2021-01-25 00:46:45,946 - root - INFO - ********************Test_002_Login_DDT is passed**********************
2021-01-25 00:52:56,073 - root - INFO - ****************Test_002_Login_DDT*****************
2021-01-25 00:52:56,073 - root - INFO - ****************Verifying testLogin_ddt*****************
2021-01-25 00:53:05,509 - root - INFO - ***************************Test is passed for ddt******************************
2021-01-25 00:53:05,509 - root - INFO - ********************Test_002_Login_DDT is passed**********************
2021-01-26 22:05:22,476 - root - INFO - *************************Test_001_Login******************
2021-01-26 22:05:22,503 - root - INFO - *************************Verifying Home Page title******************
2021-01-26 22:05:26,772 - root - INFO - *************************test_homePageTitle is passed******************
2021-01-26 22:05:36,502 - root - INFO - ****************Verifying testLogin*****************
2021-01-26 22:05:46,390 - root - INFO - ****************testLogin is passed*****************
2021-01-26 22:18:56,923 - root - INFO - *********************Login into portal************************
2021-01-26 22:19:05,607 - root - INFO - ***********************Login Successful*******************************
2021-01-26 22:19:05,608 - root - INFO - ***********************Starting addCustomer test*******************************
2021-01-26 22:19:10,463 - root - INFO - **********************Providing Customer Info******************************
2021-01-26 22:25:42,971 - root - INFO - *********************Login into portal************************
2021-01-26 22:25:50,104 - root - INFO - ***********************Login Successful*******************************
2021-01-26 22:25:50,104 - root - INFO - ***********************Starting addCustomer test*******************************
2021-01-26 22:25:53,199 - root - INFO - **********************Providing Customer Info******************************
2021-01-26 22:37:44,843 - root - INFO - *********************Login into portal************************
2021-01-26 22:37:52,126 - root - INFO - ***********************Login Successful*******************************
2021-01-26 22:37:52,127 - root - INFO - ***********************Starting addCustomer test*******************************
2021-01-26 22:37:54,959 - root - INFO - **********************Providing Customer Info******************************
2021-01-26 22:38:46,592 - root - INFO - *********************Login into portal************************
2021-01-26 22:38:54,956 - root - INFO - ***********************Login Successful*******************************
2021-01-26 22:38:54,956 - root - INFO - ***********************Starting addCustomer test*******************************
2021-01-26 22:38:57,691 - root - INFO - **********************Providing Customer Info******************************
2021-01-26 22:40:02,397 - root - INFO - *********************Login into portal************************
2021-01-26 22:40:09,745 - root - INFO - ***********************Login Successful*******************************
2021-01-26 22:40:09,745 - root - INFO - ***********************Starting addCustomer test*******************************
2021-01-26 22:40:12,263 - root - INFO - **********************Providing Customer Info******************************
2021-01-26 22:45:18,337 - root - INFO - *********************Login into portal************************
2021-01-26 22:45:25,472 - root - INFO - ***********************Login Successful*******************************
2021-01-26 22:45:25,472 - root - INFO - ***********************Starting addCustomer test*******************************
2021-01-26 22:45:27,911 - root - INFO - **********************Providing Customer Info******************************
2021-01-26 22:49:03,815 - root - INFO - *********************Login into portal************************
2021-01-26 22:49:10,657 - root - INFO - ***********************Login Successful*******************************
2021-01-26 22:49:10,657 - root - INFO - ***********************Starting addCustomer test*******************************
2021-01-26 22:49:13,306 - root - INFO - **********************Providing Customer Info******************************
2021-01-26 22:54:07,855 - root - INFO - *********************Login into portal************************
2021-01-26 22:54:14,088 - root - INFO - ***********************Login Successful*******************************
2021-01-26 22:54:14,088 - root - INFO - ***********************Starting addCustomer test*******************************
2021-01-26 22:54:16,739 - root - INFO - **********************Providing Customer Info******************************
2021-01-26 23:07:16,757 - root - INFO - *********************Login into portal************************
2021-01-26 23:07:23,148 - root - INFO - ***********************Login Successful*******************************
2021-01-26 23:07:23,148 - root - INFO - ***********************Starting addCustomer test*******************************
2021-01-26 23:07:26,037 - root - INFO - **********************Providing Customer Info******************************
2021-01-26 23:08:12,443 - root - INFO - *********************Login into portal************************
2021-01-26 23:08:16,904 - root - INFO - ***********************Login Successful*******************************
2021-01-26 23:08:16,905 - root - INFO - ***********************Starting addCustomer test*******************************
2021-01-26 23:08:19,742 - root - INFO - **********************Providing Customer Info******************************
2021-01-26 23:10:01,467 - root - INFO - *********************Login into portal************************
2021-01-26 23:10:08,722 - root - INFO - ***********************Login Successful*******************************
2021-01-26 23:10:08,722 - root - INFO - ***********************Starting addCustomer test*******************************
2021-01-26 23:10:11,792 - root - INFO - **********************Providing Customer Info******************************
2021-01-26 23:10:26,308 - root - INFO - **********************Saving Customer Info******************************
2021-01-26 23:10:26,309 - root - INFO - **********************Add Customer Validation started******************************
2021-01-26 23:13:34,380 - root - INFO - *********************Login into portal************************
2021-01-26 23:13:41,416 - root - INFO - ***********************Login Successful*******************************
2021-01-26 23:13:41,416 - root - INFO - ***********************Starting addCustomer test*******************************
2021-01-26 23:13:45,056 - root - INFO - **********************Providing Customer Info******************************
2021-01-26 23:13:59,613 - root - INFO - **********************Saving Customer Info******************************
2021-01-26 23:13:59,614 - root - INFO - **********************Add Customer Validation started******************************
2021-01-26 23:13:59,966 - root - INFO - ******************test_add_customer test case is passed******************
2021-01-26 23:14:00,111 - root - INFO - ********************Ending of Test_003_add_customer******************
2021-01-27 00:59:43,269 - root - INFO - *******************Login Successful**********************
2021-01-27 00:59:43,270 - root - INFO - *******************Start searching Customer by Email**********************
2021-01-27 00:59:44,633 - root - INFO - *******************Searching Customer by Email**********************
2021-01-27 01:02:51,993 - root - INFO - *******************Login Successful**********************
2021-01-27 01:02:51,993 - root - INFO - *******************Start searching Customer by Email**********************
2021-01-27 01:02:53,400 - root - INFO - *******************Searching Customer by Email**********************
2021-01-27 01:09:00,812 - root - INFO - *******************Login Successful**********************
2021-01-27 01:09:00,812 - root - INFO - *******************Start searching Customer by Email**********************
2021-01-27 01:13:37,878 - root - INFO - *******************Login Successful**********************
2021-01-27 01:13:37,878 - root - INFO - *******************Start searching Customer by Email**********************
2021-01-28 19:20:00,854 - root - INFO - *******************Login Successful**********************
2021-01-28 19:20:00,895 - root - INFO - *******************Start searching Customer by Email**********************
2021-01-28 19:20:02,822 - root - INFO - *******************Searching Customer by Email**********************
2021-01-28 19:21:30,093 - root - INFO - *******************Login Successful**********************
2021-01-28 19:21:30,093 - root - INFO - *******************Start searching Customer by Email**********************
2021-01-28 19:21:31,548 - root - INFO - *******************Searching Customer by Email**********************
2021-01-28 19:21:37,579 - root - INFO - ***************Test_004_SearchCustomerByEmail Finished*********** 
2021-01-28 19:31:08,100 - root - INFO - *******************Login Successful**********************
2021-01-28 19:31:08,101 - root - INFO - *******************Start searching Customer by Email**********************
2021-01-28 19:31:09,901 - root - INFO - *******************Searching Customer by Email**********************
2021-01-28 19:31:15,886 - root - INFO - ***************Test_004_SearchCustomerByEmail Finished*********** 
2021-01-28 19:37:15,810 - root - INFO - *******************Login Successful**********************
2021-01-28 19:37:15,810 - root - INFO - *******************Start searching Customer by Name**********************
2021-01-28 19:37:17,482 - root - INFO - *******************Searching Customer by Name**********************
2021-01-28 19:38:55,048 - root - INFO - *******************Login Successful**********************
2021-01-28 19:38:55,049 - root - INFO - *******************Start searching Customer by Name**********************
2021-01-28 19:38:56,703 - root - INFO - *******************Searching Customer by Name**********************
2021-01-28 19:40:30,637 - root - INFO - *******************Login Successful**********************
2021-01-28 19:40:30,637 - root - INFO - *******************Start searching Customer by Name**********************
2021-01-28 19:40:32,107 - root - INFO - *******************Searching Customer by Name**********************
2021-01-28 19:42:56,206 - root - INFO - *******************Login Successful**********************
2021-01-28 19:42:56,206 - root - INFO - *******************Start searching Customer by Name**********************
2021-01-28 19:42:57,902 - root - INFO - *******************Searching Customer by Name**********************
2021-01-28 19:43:03,750 - root - INFO - ***************Test_004_SearchCustomerByName Finished*********** 
2021-01-28 19:46:16,910 - root - INFO - *******************Login Successful**********************
2021-01-28 19:46:16,911 - root - INFO - *******************Start searching Customer by Name**********************
2021-01-28 19:46:19,493 - root - INFO - *******************Searching Customer by Name**********************
2021-01-28 19:46:25,450 - root - INFO - ***************Test_004_SearchCustomerByName Finished*********** 
2021-01-28 19:54:54,665 - root - INFO - *******************Login Successful**********************
2021-01-28 19:54:54,666 - root - INFO - *******************Start searching Customer by Name**********************
2021-01-28 19:54:56,179 - root - INFO - *******************Searching Customer by Name**********************
2021-01-28 19:58:22,130 - root - INFO - *******************Login Successful**********************
2021-01-28 19:58:22,130 - root - INFO - *******************Start searching Customer by Name**********************
2021-01-28 19:58:25,557 - root - INFO - *******************Searching Customer by Name**********************
2021-01-28 19:58:31,565 - root - INFO - ***************Test_004_SearchCustomerByName Finished*********** 
2021-01-28 20:13:26,563 - root - INFO - *************************Test_001_Login******************
2021-01-28 20:13:26,563 - root - INFO - *************************Test_001_Login******************
2021-01-28 20:13:26,563 - root - INFO - *************************Test_001_Login******************
2021-01-28 20:13:26,563 - root - INFO - *************************Test_001_Login******************
2021-01-28 20:13:26,563 - root - INFO - *************************Test_001_Login******************
2021-01-28 20:13:26,563 - root - INFO - *************************Verifying Home Page title******************
2021-01-28 20:13:26,563 - root - INFO - *************************Verifying Home Page title******************
2021-01-28 20:13:26,563 - root - INFO - *************************Verifying Home Page title******************
2021-01-28 20:13:26,563 - root - INFO - *************************Verifying Home Page title******************
2021-01-28 20:13:26,563 - root - INFO - *************************Verifying Home Page title******************
2021-01-28 20:13:34,554 - root - INFO - *************************test_homePageTitle is passed******************
2021-01-28 20:13:34,554 - root - INFO - *************************test_homePageTitle is passed******************
2021-01-28 20:13:34,554 - root - INFO - *************************test_homePageTitle is passed******************
2021-01-28 20:13:34,554 - root - INFO - *************************test_homePageTitle is passed******************
2021-01-28 20:13:34,554 - root - INFO - *************************test_homePageTitle is passed******************
2021-01-28 20:13:44,221 - root - INFO - ****************Verifying testLogin*****************
2021-01-28 20:13:44,221 - root - INFO - ****************Verifying testLogin*****************
2021-01-28 20:13:44,221 - root - INFO - ****************Verifying testLogin*****************
2021-01-28 20:13:44,221 - root - INFO - ****************Verifying testLogin*****************
2021-01-28 20:13:44,221 - root - INFO - ****************Verifying testLogin*****************
2021-01-28 20:13:52,506 - root - INFO - ****************testLogin is passed*****************
2021-01-28 20:13:52,506 - root - INFO - ****************testLogin is passed*****************
2021-01-28 20:13:52,506 - root - INFO - ****************testLogin is passed*****************
2021-01-28 20:13:52,506 - root - INFO - ****************testLogin is passed*****************
2021-01-28 20:13:52,506 - root - INFO - ****************testLogin is passed*****************
2021-01-28 20:15:04,920 - root - INFO - ****************Test_002_Login_DDT*****************
2021-01-28 20:15:04,920 - root - INFO - ****************Test_002_Login_DDT*****************
2021-01-28 20:15:04,920 - root - INFO - ****************Test_002_Login_DDT*****************
2021-01-28 20:15:04,920 - root - INFO - ****************Test_002_Login_DDT*****************
2021-01-28 20:15:04,920 - root - INFO - ****************Test_002_Login_DDT*****************
2021-01-28 20:15:04,920 - root - INFO - ****************Verifying testLogin_ddt*****************
2021-01-28 20:15:04,920 - root - INFO - ****************Verifying testLogin_ddt*****************
2021-01-28 20:15:04,920 - root - INFO - ****************Verifying testLogin_ddt*****************
2021-01-28 20:15:04,920 - root - INFO - ****************Verifying testLogin_ddt*****************
2021-01-28 20:15:04,920 - root - INFO - ****************Verifying testLogin_ddt*****************
2021-01-28 20:15:14,668 - root - INFO - ***************************Test is passed for ddt******************************
2021-01-28 20:15:14,668 - root - INFO - ***************************Test is passed for ddt******************************
2021-01-28 20:15:14,668 - root - INFO - ***************************Test is passed for ddt******************************
2021-01-28 20:15:14,668 - root - INFO - ***************************Test is passed for ddt******************************
2021-01-28 20:15:14,668 - root - INFO - ***************************Test is passed for ddt******************************
2021-01-28 20:15:14,668 - root - INFO - ********************Test_002_Login_DDT is passed**********************
2021-01-28 20:15:14,668 - root - INFO - ********************Test_002_Login_DDT is passed**********************
2021-01-28 20:15:14,668 - root - INFO - ********************Test_002_Login_DDT is passed**********************
2021-01-28 20:15:14,668 - root - INFO - ********************Test_002_Login_DDT is passed**********************
2021-01-28 20:15:14,668 - root - INFO - ********************Test_002_Login_DDT is passed**********************
2021-01-28 20:23:13,062 - root - INFO - *********************Login into portal************************
2021-01-28 20:23:13,062 - root - INFO - *********************Login into portal************************
2021-01-28 20:23:13,062 - root - INFO - *********************Login into portal************************
2021-01-28 20:23:13,062 - root - INFO - *********************Login into portal************************
2021-01-28 20:23:13,062 - root - INFO - *********************Login into portal************************
2021-01-28 20:23:20,422 - root - INFO - ***********************Login Successful*******************************
2021-01-28 20:23:20,422 - root - INFO - ***********************Login Successful*******************************
2021-01-28 20:23:20,422 - root - INFO - ***********************Login Successful*******************************
2021-01-28 20:23:20,422 - root - INFO - ***********************Login Successful*******************************
2021-01-28 20:23:20,422 - root - INFO - ***********************Login Successful*******************************
2021-01-28 20:23:20,423 - root - INFO - ***********************Starting addCustomer test*******************************
2021-01-28 20:23:20,423 - root - INFO - ***********************Starting addCustomer test*******************************
2021-01-28 20:23:20,423 - root - INFO - ***********************Starting addCustomer test*******************************
2021-01-28 20:23:20,423 - root - INFO - ***********************Starting addCustomer test*******************************
2021-01-28 20:23:20,423 - root - INFO - ***********************Starting addCustomer test*******************************
2021-01-28 20:23:23,338 - root - INFO - **********************Providing Customer Info******************************
2021-01-28 20:23:23,338 - root - INFO - **********************Providing Customer Info******************************
2021-01-28 20:23:23,338 - root - INFO - **********************Providing Customer Info******************************
2021-01-28 20:23:23,338 - root - INFO - **********************Providing Customer Info******************************
2021-01-28 20:23:23,338 - root - INFO - **********************Providing Customer Info******************************
2021-01-28 20:23:37,938 - root - INFO - **********************Saving Customer Info******************************
2021-01-28 20:23:37,938 - root - INFO - **********************Saving Customer Info******************************
2021-01-28 20:23:37,938 - root - INFO - **********************Saving Customer Info******************************
2021-01-28 20:23:37,938 - root - INFO - **********************Saving Customer Info******************************
2021-01-28 20:23:37,938 - root - INFO - **********************Saving Customer Info******************************
2021-01-28 20:23:37,938 - root - INFO - **********************Add Customer Validation started******************************
2021-01-28 20:23:37,938 - root - INFO - **********************Add Customer Validation started******************************
2021-01-28 20:23:37,938 - root - INFO - **********************Add Customer Validation started******************************
2021-01-28 20:23:37,938 - root - INFO - **********************Add Customer Validation started******************************
2021-01-28 20:23:37,938 - root - INFO - **********************Add Customer Validation started******************************
2021-01-28 20:23:38,437 - root - INFO - ******************test_add_customer test case is passed******************
2021-01-28 20:23:38,437 - root - INFO - ******************test_add_customer test case is passed******************
2021-01-28 20:23:38,437 - root - INFO - ******************test_add_customer test case is passed******************
2021-01-28 20:23:38,437 - root - INFO - ******************test_add_customer test case is passed******************
2021-01-28 20:23:38,437 - root - INFO - ******************test_add_customer test case is passed******************
2021-01-28 20:23:38,614 - root - INFO - ********************Ending of Test_003_add_customer******************
2021-01-28 20:23:38,614 - root - INFO - ********************Ending of Test_003_add_customer******************
2021-01-28 20:23:38,614 - root - INFO - ********************Ending of Test_003_add_customer******************
2021-01-28 20:23:38,614 - root - INFO - ********************Ending of Test_003_add_customer******************
2021-01-28 20:23:38,614 - root - INFO - ********************Ending of Test_003_add_customer******************
2021-01-28 20:23:48,949 - root - INFO - *************************Test_001_Login******************
2021-01-28 20:23:48,949 - root - INFO - *************************Test_001_Login******************
2021-01-28 20:23:48,949 - root - INFO - *************************Test_001_Login******************
2021-01-28 20:23:48,949 - root - INFO - *************************Test_001_Login******************
2021-01-28 20:23:48,949 - root - INFO - *************************Test_001_Login******************
2021-01-28 20:23:48,949 - root - INFO - *************************Verifying Home Page title******************
2021-01-28 20:23:48,949 - root - INFO - *************************Verifying Home Page title******************
2021-01-28 20:23:48,949 - root - INFO - *************************Verifying Home Page title******************
2021-01-28 20:23:48,949 - root - INFO - *************************Verifying Home Page title******************
2021-01-28 20:23:48,949 - root - INFO - *************************Verifying Home Page title******************
2021-01-28 20:23:55,689 - root - INFO - *************************test_homePageTitle is passed******************
2021-01-28 20:23:55,689 - root - INFO - *************************test_homePageTitle is passed******************
2021-01-28 20:23:55,689 - root - INFO - *************************test_homePageTitle is passed******************
2021-01-28 20:23:55,689 - root - INFO - *************************test_homePageTitle is passed******************
2021-01-28 20:23:55,689 - root - INFO - *************************test_homePageTitle is passed******************
2021-01-28 20:24:05,175 - root - INFO - ****************Verifying testLogin*****************
2021-01-28 20:24:05,175 - root - INFO - ****************Verifying testLogin*****************
2021-01-28 20:24:05,175 - root - INFO - ****************Verifying testLogin*****************
2021-01-28 20:24:05,175 - root - INFO - ****************Verifying testLogin*****************
2021-01-28 20:24:05,175 - root - INFO - ****************Verifying testLogin*****************
2021-01-28 20:24:12,259 - root - INFO - ****************testLogin is passed*****************
2021-01-28 20:24:12,259 - root - INFO - ****************testLogin is passed*****************
2021-01-28 20:24:12,259 - root - INFO - ****************testLogin is passed*****************
2021-01-28 20:24:12,259 - root - INFO - ****************testLogin is passed*****************
2021-01-28 20:24:12,259 - root - INFO - ****************testLogin is passed*****************
2021-01-28 20:24:21,888 - root - INFO - ****************Test_002_Login_DDT*****************
2021-01-28 20:24:21,888 - root - INFO - ****************Test_002_Login_DDT*****************
2021-01-28 20:24:21,888 - root - INFO - ****************Test_002_Login_DDT*****************
2021-01-28 20:24:21,888 - root - INFO - ****************Test_002_Login_DDT*****************
2021-01-28 20:24:21,888 - root - INFO - ****************Test_002_Login_DDT*****************
2021-01-28 20:24:21,888 - root - INFO - ****************Verifying testLogin_ddt*****************
2021-01-28 20:24:21,888 - root - INFO - ****************Verifying testLogin_ddt*****************
2021-01-28 20:24:21,888 - root - INFO - ****************Verifying testLogin_ddt*****************
2021-01-28 20:24:21,888 - root - INFO - ****************Verifying testLogin_ddt*****************
2021-01-28 20:24:21,888 - root - INFO - ****************Verifying testLogin_ddt*****************
2021-01-28 20:24:31,919 - root - INFO - ***************************Test is passed for ddt******************************
2021-01-28 20:24:31,919 - root - INFO - ***************************Test is passed for ddt******************************
2021-01-28 20:24:31,919 - root - INFO - ***************************Test is passed for ddt******************************
2021-01-28 20:24:31,919 - root - INFO - ***************************Test is passed for ddt******************************
2021-01-28 20:24:31,919 - root - INFO - ***************************Test is passed for ddt******************************
2021-01-28 20:24:31,919 - root - INFO - ********************Test_002_Login_DDT is passed**********************
2021-01-28 20:24:31,919 - root - INFO - ********************Test_002_Login_DDT is passed**********************
2021-01-28 20:24:31,919 - root - INFO - ********************Test_002_Login_DDT is passed**********************
2021-01-28 20:24:31,919 - root - INFO - ********************Test_002_Login_DDT is passed**********************
2021-01-28 20:24:31,919 - root - INFO - ********************Test_002_Login_DDT is passed**********************
